-------------------------------------------------------------------------------
Test set: io.sim.FuelStationTest
-------------------------------------------------------------------------------
Tests run: 2, Failures: 2, Errors: 0, Skipped: 0, Time elapsed: 0.021 s <<< FAILURE! - in io.sim.FuelStationTest
io.sim.FuelStationTest.testDecideQtdLitrosInsufficientFunds()  Time elapsed: 0.001 s  <<< FAILURE!
java.lang.NullPointerException: Cannot invoke "io.sim.fuelStation.FuelStation.decideQtdLitros(double, double)" because "this.fuelStation" is null
	at io.sim.FuelStationTest.testDecideQtdLitrosInsufficientFunds(FuelStationTest.java:34)

io.sim.FuelStationTest.testDecideQtdLitrosSufficientFunds()  Time elapsed: 0 s  <<< FAILURE!
java.lang.NullPointerException: Cannot invoke "io.sim.fuelStation.FuelStation.decideQtdLitros(double, double)" because "this.fuelStation" is null
	at io.sim.FuelStationTest.testDecideQtdLitrosSufficientFunds(FuelStationTest.java:24)

